2015-11-13 09:49:26: FinnishJobRunable在等待所有的读历史数据线程执行完毕！
2015-11-13 09:49:26: 00:12:4B:00:02:CB:A8:52_A1获取历史数据结束！
2015-11-13 09:49:27: startAt:2015-05-19T09:19:53Z;endAt:2015-05-28T14:05:17Z;size:2000
2015-11-13 09:49:27: 成功下载：/home/hadoop/Downloads/zcloud/zcloud/367953136/00_12_4B_00_05_3C_E4_7C_A0/2015-05-19T09-19-53Z
2015-11-13 09:49:28: startAt:2014-08-15T09:13:01Z;endAt:2014-08-15T21:37:12Z;size:2000
2015-11-13 09:49:28: 成功下载：/home/hadoop/Downloads/zcloud/zcloud/23710173/00_12_4B_00_01_49_2C_42_A1/2014-08-15T09-13-01Z
2015-11-13 09:49:29: startAt:2014-08-15T09:13:01Z;endAt:2014-08-15T21:38:52Z;size:2000
2015-11-13 09:49:29: 成功下载：/home/hadoop/Downloads/zcloud/zcloud/23710173/00_12_4B_00_01_49_2C_42_A0/2014-08-15T09-13-01Z
2015-11-13 09:49:29: startAt:2015-05-18T15:10:04Z;endAt:2015-05-25T18:29:06Z;size:2000
2015-11-13 09:49:29: 成功下载：/home/hadoop/Downloads/zcloud/zcloud/367953136/00_12_4B_00_05_3C_E2_7B_A1/2015-05-18T15-10-04Z
2015-11-13 09:49:30: startAt:2015-05-18T15:10:04Z;endAt:2015-05-25T18:29:06Z;size:2000
2015-11-13 09:49:30: 成功下载：/home/hadoop/Downloads/zcloud/zcloud/367953136/00_12_4B_00_05_3C_E2_7B_A0/2015-05-18T15-10-04Z
2015-11-13 09:49:30: startAt:2015-03-13T17:31:18Z;endAt:2015-03-14T12:00:12Z;size:2000
2015-11-13 09:49:30: 成功下载：/home/hadoop/Downloads/zcloud/zcloud/1674047509/00_12_4B_00_05_52_7C_16_A0/2015-03-13T17-31-18Z
2015-11-13 09:49:31: startAt:2015-03-13T17:31:06Z;endAt:2015-03-14T11:49:11Z;size:2000
2015-11-13 09:49:31: 成功下载：/home/hadoop/Downloads/zcloud/zcloud/1674047509/00_12_4B_00_03_D4_41_57_A0/2015-03-13T17-31-06Z
2015-11-13 09:49:32: startAt:2015-03-13T17:31:07Z;endAt:2015-03-14T12:48:41Z;size:2000
2015-11-13 09:49:32: 成功下载：/home/hadoop/Downloads/zcloud/zcloud/1674047509/00_12_4B_00_03_D4_41_57_A1/2015-03-13T17-31-07Z
2015-11-13 09:49:32: 00:12:4B:00:02:CB:A9:C7_A0获取历史数据结束！
2015-11-13 09:49:32: 00:12:4B:00:02:CB:A8:52_A0获取历史数据结束！
2015-11-13 09:49:34: startAt:2015-03-14T12:48:41Z;endAt:2015-03-23T10:19:59Z;size:2000
2015-11-13 09:49:34: 成功下载：/home/hadoop/Downloads/zcloud/zcloud/1674047509/00_12_4B_00_03_D4_41_57_A1/2015-03-14T12-48-41Z
2015-11-13 09:49:34: startAt:2015-03-14T11:49:11Z;endAt:2015-03-18T16:09:37Z;size:2000
2015-11-13 09:49:34: 成功下载：/home/hadoop/Downloads/zcloud/zcloud/1674047509/00_12_4B_00_03_D4_41_57_A0/2015-03-14T11-49-11Z
2015-11-13 09:49:35: startAt:2015-03-14T12:00:12Z;endAt:2015-03-23T11:29:26Z;size:2000
2015-11-13 09:49:35: 成功下载：/home/hadoop/Downloads/zcloud/zcloud/1674047509/00_12_4B_00_05_52_7C_16_A0/2015-03-14T12-00-12Z
2015-11-13 09:49:35: startAt:2015-05-25T18:29:06Z;endAt:2015-06-03T10:17:05Z;size:2000
2015-11-13 09:49:35: 成功下载：/home/hadoop/Downloads/zcloud/zcloud/367953136/00_12_4B_00_05_3C_E2_7B_A0/2015-05-25T18-29-06Z
2015-11-13 09:49:35: startAt:2015-06-03T10:17:05Z;endAt:2015-06-04T11:15:19Z;size:1084
2015-11-13 09:49:36: 成功下载：/home/hadoop/Downloads/zcloud/zcloud/367953136/00_12_4B_00_05_3C_E2_7B_A0/2015-06-03T10-17-05Z
2015-11-13 09:49:36: 00:12:4B:00:05:3C:E2:7B_A0获取历史数据结束！
2015-11-13 09:49:36: startAt:2015-05-25T18:29:06Z;endAt:2015-06-03T10:17:05Z;size:2000
2015-11-13 09:49:36: 成功下载：/home/hadoop/Downloads/zcloud/zcloud/367953136/00_12_4B_00_05_3C_E2_7B_A1/2015-05-25T18-29-06Z
2015-11-13 09:49:37: startAt:2014-08-15T21:38:52Z;endAt:2014-08-16T11:31:48Z;size:2000
2015-11-13 09:49:37: 成功下载：/home/hadoop/Downloads/zcloud/zcloud/23710173/00_12_4B_00_01_49_2C_42_A0/2014-08-15T21-38-52Z
2015-11-13 09:49:38: startAt:2014-08-15T21:37:12Z;endAt:2014-08-16T11:30:08Z;size:2000
2015-11-13 09:49:38: 成功下载：/home/hadoop/Downloads/zcloud/zcloud/23710173/00_12_4B_00_01_49_2C_42_A1/2014-08-15T21-37-12Z
2015-11-13 09:49:38: startAt:2015-05-28T14:05:17Z;endAt:2015-06-04T08:17:36Z;size:2000
2015-11-13 09:49:38: 成功下载：/home/hadoop/Downloads/zcloud/zcloud/367953136/00_12_4B_00_05_3C_E4_7C_A0/2015-05-28T14-05-17Z
2015-11-13 09:49:39: startAt:2014-08-16T11:30:08Z;endAt:2014-08-17T01:23:04Z;size:2000
2015-11-13 09:49:39: 成功下载：/home/hadoop/Downloads/zcloud/zcloud/23710173/00_12_4B_00_01_49_2C_42_A1/2014-08-16T11-30-08Z
2015-11-13 09:49:40: startAt:2014-08-16T11:31:48Z;endAt:2014-08-17T01:24:44Z;size:2000
2015-11-13 09:49:40: 成功下载：/home/hadoop/Downloads/zcloud/zcloud/23710173/00_12_4B_00_01_49_2C_42_A0/2014-08-16T11-31-48Z
2015-11-13 09:49:41: startAt:2015-06-03T10:17:05Z;endAt:2015-06-04T11:15:19Z;size:1084
2015-11-13 09:49:41: 成功下载：/home/hadoop/Downloads/zcloud/zcloud/367953136/00_12_4B_00_05_3C_E2_7B_A1/2015-06-03T10-17-05Z
2015-11-13 09:49:41: 00:12:4B:00:05:3C:E2:7B_A1获取历史数据结束！
2015-11-13 09:49:41: startAt:2015-03-23T11:29:26Z;endAt:2015-03-26T17:06:53Z;size:2000
2015-11-13 09:49:41: 成功下载：/home/hadoop/Downloads/zcloud/zcloud/1674047509/00_12_4B_00_05_52_7C_16_A0/2015-03-23T11-29-26Z
2015-11-13 09:49:42: startAt:2015-03-18T16:09:37Z;endAt:2015-03-29T19:08:16Z;size:2000
2015-11-13 09:49:42: 成功下载：/home/hadoop/Downloads/zcloud/zcloud/1674047509/00_12_4B_00_03_D4_41_57_A0/2015-03-18T16-09-37Z
2015-11-13 09:49:43: startAt:2015-03-23T10:19:59Z;endAt:2015-03-30T01:52:38Z;size:2000
2015-11-13 09:49:43: 成功下载：/home/hadoop/Downloads/zcloud/zcloud/1674047509/00_12_4B_00_03_D4_41_57_A1/2015-03-23T10-19-59Z
2015-11-13 09:49:44: startAt:2015-03-29T19:08:16Z;endAt:2015-04-13T00:11:14Z;size:2000
2015-11-13 09:49:44: 成功下载：/home/hadoop/Downloads/zcloud/zcloud/1674047509/00_12_4B_00_03_D4_41_57_A0/2015-03-29T19-08-16Z
2015-11-13 09:49:45: startAt:2015-03-26T17:06:53Z;endAt:2015-03-29T20:55:45Z;size:2000
2015-11-13 09:49:45: 成功下载：/home/hadoop/Downloads/zcloud/zcloud/1674047509/00_12_4B_00_05_52_7C_16_A0/2015-03-26T17-06-53Z
2015-11-13 09:49:47: startAt:2014-08-17T01:24:44Z;endAt:2014-08-17T15:17:41Z;size:2000
2015-11-13 09:49:47: 成功下载：/home/hadoop/Downloads/zcloud/zcloud/23710173/00_12_4B_00_01_49_2C_42_A0/2014-08-17T01-24-44Z
2015-11-13 09:49:48: startAt:2014-08-17T01:23:04Z;endAt:2014-08-17T15:16:01Z;size:2000
2015-11-13 09:49:48: 成功下载：/home/hadoop/Downloads/zcloud/zcloud/23710173/00_12_4B_00_01_49_2C_42_A1/2014-08-17T01-23-04Z
2015-11-13 09:49:48: startAt:2015-06-04T08:17:36Z;endAt:2015-06-04T11:15:23Z;size:699
2015-11-13 09:49:48: 成功下载：/home/hadoop/Downloads/zcloud/zcloud/367953136/00_12_4B_00_05_3C_E4_7C_A0/2015-06-04T08-17-36Z
2015-11-13 09:49:48: 00:12:4B:00:05:3C:E4:7C_A0获取历史数据结束！
2015-11-13 09:49:49: startAt:2014-08-17T15:16:01Z;endAt:2014-08-18T05:08:57Z;size:2000
2015-11-13 09:49:49: 成功下载：/home/hadoop/Downloads/zcloud/zcloud/23710173/00_12_4B_00_01_49_2C_42_A1/2014-08-17T15-16-01Z
2015-11-13 09:49:50: startAt:2014-08-17T15:17:41Z;endAt:2014-08-18T05:10:37Z;size:2000
2015-11-13 09:49:50: 成功下载：/home/hadoop/Downloads/zcloud/zcloud/23710173/00_12_4B_00_01_49_2C_42_A0/2014-08-17T15-17-41Z
2015-11-13 09:49:51: startAt:2015-03-29T20:55:45Z;endAt:2015-04-01T22:06:21Z;size:2000
2015-11-13 09:49:51: 成功下载：/home/hadoop/Downloads/zcloud/zcloud/1674047509/00_12_4B_00_05_52_7C_16_A0/2015-03-29T20-55-45Z
2015-11-13 09:49:52: startAt:2015-04-13T00:11:14Z;endAt:2015-04-25T11:03:18Z;size:2000
2015-11-13 09:49:52: 成功下载：/home/hadoop/Downloads/zcloud/zcloud/1674047509/00_12_4B_00_03_D4_41_57_A0/2015-04-13T00-11-14Z
2015-11-13 09:49:53: startAt:2015-03-30T01:52:38Z;endAt:2015-04-13T06:55:07Z;size:2000
2015-11-13 09:49:53: 成功下载：/home/hadoop/Downloads/zcloud/zcloud/1674047509/00_12_4B_00_03_D4_41_57_A1/2015-03-30T01-52-38Z
2015-11-13 09:49:54: startAt:2015-04-25T11:03:18Z;endAt:2015-04-28T20:23:37Z;size:2000
2015-11-13 09:49:54: 成功下载：/home/hadoop/Downloads/zcloud/zcloud/1674047509/00_12_4B_00_03_D4_41_57_A0/2015-04-25T11-03-18Z
2015-11-13 09:49:54: startAt:2015-04-01T22:06:21Z;endAt:2015-04-06T16:07:33Z;size:2000
2015-11-13 09:49:54: 成功下载：/home/hadoop/Downloads/zcloud/zcloud/1674047509/00_12_4B_00_05_52_7C_16_A0/2015-04-01T22-06-21Z
2015-11-13 09:49:56: startAt:2014-08-18T05:10:37Z;endAt:2014-08-18T18:36:28Z;size:2000
2015-11-13 09:49:56: 成功下载：/home/hadoop/Downloads/zcloud/zcloud/23710173/00_12_4B_00_01_49_2C_42_A0/2014-08-18T05-10-37Z
2015-11-13 09:49:57: startAt:2014-08-18T05:08:57Z;endAt:2014-08-18T18:24:48Z;size:2000
2015-11-13 09:49:57: 成功下载：/home/hadoop/Downloads/zcloud/zcloud/23710173/00_12_4B_00_01_49_2C_42_A1/2014-08-18T05-08-57Z
2015-11-13 09:49:57: startAt:2014-08-18T18:36:28Z;endAt:2014-08-19T08:28:34Z;size:2000
2015-11-13 09:49:57: 成功下载：/home/hadoop/Downloads/zcloud/zcloud/23710173/00_12_4B_00_01_49_2C_42_A0/2014-08-18T18-36-28Z
2015-11-13 09:49:58: startAt:2015-04-06T16:07:33Z;endAt:2015-04-11T21:18:21Z;size:2000
2015-11-13 09:49:58: 成功下载：/home/hadoop/Downloads/zcloud/zcloud/1674047509/00_12_4B_00_05_52_7C_16_A0/2015-04-06T16-07-33Z
2015-11-13 09:49:59: startAt:2015-04-28T20:23:37Z;endAt:2015-04-30T15:30:22Z;size:2000
2015-11-13 09:49:59: 成功下载：/home/hadoop/Downloads/zcloud/zcloud/1674047509/00_12_4B_00_03_D4_41_57_A0/2015-04-28T20-23-37Z
2015-11-13 09:50:00: startAt:2015-04-13T06:55:07Z;endAt:2015-04-25T20:37:26Z;size:2000
2015-11-13 09:50:00: 成功下载：/home/hadoop/Downloads/zcloud/zcloud/1674047509/00_12_4B_00_03_D4_41_57_A1/2015-04-13T06-55-07Z
2015-11-13 09:50:01: startAt:2015-04-30T15:30:22Z;endAt:2015-05-01T22:34:19Z;size:2000
2015-11-13 09:50:01: 成功下载：/home/hadoop/Downloads/zcloud/zcloud/1674047509/00_12_4B_00_03_D4_41_57_A0/2015-04-30T15-30-22Z
2015-11-13 09:50:02: startAt:2015-04-11T21:18:21Z;endAt:2015-04-12T13:56:44Z;size:2000
2015-11-13 09:50:02: 成功下载：/home/hadoop/Downloads/zcloud/zcloud/1674047509/00_12_4B_00_05_52_7C_16_A0/2015-04-11T21-18-21Z
2015-11-13 09:50:03: startAt:2014-08-19T08:28:34Z;endAt:2014-08-19T22:17:45Z;size:2000
2015-11-13 09:50:03: 成功下载：/home/hadoop/Downloads/zcloud/zcloud/23710173/00_12_4B_00_01_49_2C_42_A0/2014-08-19T08-28-34Z
2015-11-13 09:50:03: startAt:2014-08-18T18:24:48Z;endAt:2014-08-19T08:17:44Z;size:2000
2015-11-13 09:50:03: 成功下载：/home/hadoop/Downloads/zcloud/zcloud/23710173/00_12_4B_00_01_49_2C_42_A1/2014-08-18T18-24-48Z
2015-11-13 09:50:04: startAt:2014-08-19T22:17:45Z;endAt:2014-08-20T13:23:58Z;size:2000
2015-11-13 09:50:04: 成功下载：/home/hadoop/Downloads/zcloud/zcloud/23710173/00_12_4B_00_01_49_2C_42_A0/2014-08-19T22-17-45Z
2015-11-13 09:50:05: startAt:2015-04-12T13:56:44Z;endAt:2015-04-13T06:36:37Z;size:2000
2015-11-13 09:50:05: 成功下载：/home/hadoop/Downloads/zcloud/zcloud/1674047509/00_12_4B_00_05_52_7C_16_A0/2015-04-12T13-56-44Z
2015-11-13 09:50:06: startAt:2015-05-01T22:34:19Z;endAt:2015-05-02T15:12:55Z;size:2000
2015-11-13 09:50:06: 成功下载：/home/hadoop/Downloads/zcloud/zcloud/1674047509/00_12_4B_00_03_D4_41_57_A0/2015-05-01T22-34-19Z
2015-11-13 09:50:07: startAt:2015-04-25T20:37:26Z;endAt:2015-04-28T21:38:38Z;size:2000
2015-11-13 09:50:07: 成功下载：/home/hadoop/Downloads/zcloud/zcloud/1674047509/00_12_4B_00_03_D4_41_57_A1/2015-04-25T20-37-26Z
2015-11-13 09:50:08: startAt:2015-05-02T15:12:55Z;endAt:2015-05-03T07:52:00Z;size:2000
2015-11-13 09:50:08: 成功下载：/home/hadoop/Downloads/zcloud/zcloud/1674047509/00_12_4B_00_03_D4_41_57_A0/2015-05-02T15-12-55Z
2015-11-13 09:50:08: startAt:2015-04-13T06:36:37Z;endAt:2015-04-16T04:04:26Z;size:2000
2015-11-13 09:50:08: 成功下载：/home/hadoop/Downloads/zcloud/zcloud/1674047509/00_12_4B_00_05_52_7C_16_A0/2015-04-13T06-36-37Z
2015-11-13 09:50:09: startAt:2014-08-20T13:23:58Z;endAt:2014-08-21T05:12:19Z;size:2000
2015-11-13 09:50:09: 成功下载：/home/hadoop/Downloads/zcloud/zcloud/23710173/00_12_4B_00_01_49_2C_42_A0/2014-08-20T13-23-58Z
2015-11-13 09:50:10: startAt:2014-08-19T08:17:44Z;endAt:2014-08-19T22:05:15Z;size:2000
2015-11-13 09:50:10: 成功下载：/home/hadoop/Downloads/zcloud/zcloud/23710173/00_12_4B_00_01_49_2C_42_A1/2014-08-19T08-17-44Z
2015-11-13 09:50:11: startAt:2014-08-21T05:12:19Z;endAt:2014-08-21T17:49:00Z;size:2000
2015-11-13 09:50:11: 成功下载：/home/hadoop/Downloads/zcloud/zcloud/23710173/00_12_4B_00_01_49_2C_42_A0/2014-08-21T05-12-19Z
2015-11-13 09:50:12: startAt:2015-04-16T04:04:26Z;endAt:2015-04-21T02:42:13Z;size:2000
2015-11-13 09:50:12: 成功下载：/home/hadoop/Downloads/zcloud/zcloud/1674047509/00_12_4B_00_05_52_7C_16_A0/2015-04-16T04-04-26Z
2015-11-13 09:50:13: startAt:2015-05-03T07:52:00Z;endAt:2015-05-04T00:30:36Z;size:2000
2015-11-13 09:50:13: 成功下载：/home/hadoop/Downloads/zcloud/zcloud/1674047509/00_12_4B_00_03_D4_41_57_A0/2015-05-03T07-52-00Z
2015-11-13 09:50:14: startAt:2015-04-28T21:38:38Z;endAt:2015-04-30T16:48:23Z;size:2000
2015-11-13 09:50:14: 成功下载：/home/hadoop/Downloads/zcloud/zcloud/1674047509/00_12_4B_00_03_D4_41_57_A1/2015-04-28T21-38-38Z
2015-11-13 09:50:15: startAt:2015-05-04T00:30:36Z;endAt:2015-05-04T23:23:14Z;size:2000
2015-11-13 09:50:15: 成功下载：/home/hadoop/Downloads/zcloud/zcloud/1674047509/00_12_4B_00_03_D4_41_57_A0/2015-05-04T00-30-36Z
2015-11-13 09:50:16: startAt:2015-04-21T02:42:13Z;endAt:2015-04-22T11:08:14Z;size:2000
2015-11-13 09:50:16: 成功下载：/home/hadoop/Downloads/zcloud/zcloud/1674047509/00_12_4B_00_05_52_7C_16_A0/2015-04-21T02-42-13Z
2015-11-13 09:50:17: startAt:2014-08-21T17:49:00Z;endAt:2014-08-22T06:39:01Z;size:2000
2015-11-13 09:50:17: 成功下载：/home/hadoop/Downloads/zcloud/zcloud/23710173/00_12_4B_00_01_49_2C_42_A0/2014-08-21T17-49-00Z
2015-11-13 09:50:18: startAt:2014-08-22T06:39:01Z;endAt:2014-08-22T19:45:17Z;size:2000
2015-11-13 09:50:18: 成功下载：/home/hadoop/Downloads/zcloud/zcloud/23710173/00_12_4B_00_01_49_2C_42_A0/2014-08-22T06-39-01Z
2015-11-13 09:50:19: startAt:2014-08-19T22:05:15Z;endAt:2014-08-20T13:13:58Z;size:2000
2015-11-13 09:50:19: 成功下载：/home/hadoop/Downloads/zcloud/zcloud/23710173/00_12_4B_00_01_49_2C_42_A1/2014-08-19T22-05-15Z
2015-11-13 09:50:20: startAt:2014-08-22T19:45:17Z;endAt:2014-08-23T09:35:18Z;size:2000
2015-11-13 09:50:20: 成功下载：/home/hadoop/Downloads/zcloud/zcloud/23710173/00_12_4B_00_01_49_2C_42_A0/2014-08-22T19-45-17Z
2015-11-13 09:50:21: startAt:2015-04-22T11:08:14Z;endAt:2015-04-23T11:54:23Z;size:2000
2015-11-13 09:50:21: 成功下载：/home/hadoop/Downloads/zcloud/zcloud/1674047509/00_12_4B_00_05_52_7C_16_A0/2015-04-22T11-08-14Z
2015-11-13 09:50:22: startAt:2015-05-04T23:23:14Z;endAt:2015-05-06T03:38:24Z;size:2000
2015-11-13 09:50:22: 成功下载：/home/hadoop/Downloads/zcloud/zcloud/1674047509/00_12_4B_00_03_D4_41_57_A0/2015-05-04T23-23-14Z
2015-11-13 09:50:22: startAt:2015-04-30T16:48:23Z;endAt:2015-05-01T23:53:19Z;size:2000
2015-11-13 09:50:22: 成功下载：/home/hadoop/Downloads/zcloud/zcloud/1674047509/00_12_4B_00_03_D4_41_57_A1/2015-04-30T16-48-23Z
2015-11-13 09:50:23: startAt:2015-05-06T03:38:24Z;endAt:2015-05-07T03:09:32Z;size:2000
2015-11-13 09:50:23: 成功下载：/home/hadoop/Downloads/zcloud/zcloud/1674047509/00_12_4B_00_03_D4_41_57_A0/2015-05-06T03-38-24Z
2015-11-13 09:50:24: startAt:2015-05-07T03:09:32Z;endAt:2015-05-08T01:11:39Z;size:2000
2015-11-13 09:50:24: 成功下载：/home/hadoop/Downloads/zcloud/zcloud/1674047509/00_12_4B_00_03_D4_41_57_A0/2015-05-07T03-09-32Z
2015-11-13 09:50:25: startAt:2015-04-23T11:54:23Z;endAt:2015-04-26T01:06:54Z;size:2000
2015-11-13 09:50:25: 成功下载：/home/hadoop/Downloads/zcloud/zcloud/1674047509/00_12_4B_00_05_52_7C_16_A0/2015-04-23T11-54-23Z
2015-11-13 09:50:26: startAt:2014-08-23T09:35:18Z;endAt:2014-08-23T23:28:40Z;size:2000
2015-11-13 09:50:26: 成功下载：/home/hadoop/Downloads/zcloud/zcloud/23710173/00_12_4B_00_01_49_2C_42_A0/2014-08-23T09-35-18Z
2015-11-13 09:50:27: startAt:2014-08-23T23:28:40Z;endAt:2014-08-24T13:22:01Z;size:2000
2015-11-13 09:50:27: 成功下载：/home/hadoop/Downloads/zcloud/zcloud/23710173/00_12_4B_00_01_49_2C_42_A0/2014-08-23T23-28-40Z
2015-11-13 09:50:28: startAt:2014-08-20T13:13:58Z;endAt:2014-08-21T05:01:04Z;size:2000
2015-11-13 09:50:28: 成功下载：/home/hadoop/Downloads/zcloud/zcloud/23710173/00_12_4B_00_01_49_2C_42_A1/2014-08-20T13-13-58Z
2015-11-13 09:50:30: startAt:2014-08-24T13:22:01Z;endAt:2014-08-25T03:14:58Z;size:2000
2015-11-13 09:50:30: 成功下载：/home/hadoop/Downloads/zcloud/zcloud/23710173/00_12_4B_00_01_49_2C_42_A0/2014-08-24T13-22-01Z
2015-11-13 09:50:30: startAt:2015-04-26T01:06:54Z;endAt:2015-04-26T17:44:01Z;size:2000
2015-11-13 09:50:30: 成功下载：/home/hadoop/Downloads/zcloud/zcloud/1674047509/00_12_4B_00_05_52_7C_16_A0/2015-04-26T01-06-54Z
2015-11-13 09:50:31: startAt:2015-05-08T01:11:39Z;endAt:2015-05-09T14:29:52Z;size:2000
2015-11-13 09:50:31: 成功下载：/home/hadoop/Downloads/zcloud/zcloud/1674047509/00_12_4B_00_03_D4_41_57_A0/2015-05-08T01-11-39Z
2015-11-13 09:50:32: startAt:2015-05-01T23:53:19Z;endAt:2015-05-02T16:31:55Z;size:2000
2015-11-13 09:50:32: 成功下载：/home/hadoop/Downloads/zcloud/zcloud/1674047509/00_12_4B_00_03_D4_41_57_A1/2015-05-01T23-53-19Z
2015-11-13 09:50:33: startAt:2015-05-09T14:29:52Z;endAt:2015-05-10T07:08:58Z;size:2000
2015-11-13 09:50:33: 成功下载：/home/hadoop/Downloads/zcloud/zcloud/1674047509/00_12_4B_00_03_D4_41_57_A0/2015-05-09T14-29-52Z
2015-11-13 09:50:34: startAt:2015-04-26T17:44:01Z;endAt:2015-04-28T16:03:51Z;size:2000
2015-11-13 09:50:34: 成功下载：/home/hadoop/Downloads/zcloud/zcloud/1674047509/00_12_4B_00_05_52_7C_16_A0/2015-04-26T17-44-01Z
2015-11-13 09:50:35: startAt:2015-04-28T16:03:51Z;endAt:2015-04-30T11:14:10Z;size:2000
2015-11-13 09:50:35: 成功下载：/home/hadoop/Downloads/zcloud/zcloud/1674047509/00_12_4B_00_05_52_7C_16_A0/2015-04-28T16-03-51Z
2015-11-13 09:50:36: startAt:2015-04-30T11:14:10Z;endAt:2015-05-01T15:29:14Z;size:2000
2015-11-13 09:50:36: 成功下载：/home/hadoop/Downloads/zcloud/zcloud/1674047509/00_12_4B_00_05_52_7C_16_A0/2015-04-30T11-14-10Z
2015-11-13 09:50:36: startAt:2015-05-01T15:29:14Z;endAt:2015-05-02T10:57:21Z;size:2000
2015-11-13 09:50:36: 成功下载：/home/hadoop/Downloads/zcloud/zcloud/1674047509/00_12_4B_00_05_52_7C_16_A0/2015-05-01T15-29-14Z
2015-11-13 09:50:37: startAt:2014-08-25T03:14:58Z;endAt:2014-08-25T17:05:49Z;size:2000
2015-11-13 09:50:37: 成功下载：/home/hadoop/Downloads/zcloud/zcloud/23710173/00_12_4B_00_01_49_2C_42_A0/2014-08-25T03-14-58Z
2015-11-13 09:50:38: startAt:2014-08-21T05:01:04Z;endAt:2014-08-21T17:39:50Z;size:2000
2015-11-13 09:50:38: 成功下载：/home/hadoop/Downloads/zcloud/zcloud/23710173/00_12_4B_00_01_49_2C_42_A1/2014-08-21T05-01-04Z
2015-11-13 09:50:39: startAt:2014-08-25T17:05:49Z;endAt:2014-08-26T06:55:25Z;size:2000
2015-11-13 09:50:39: 成功下载：/home/hadoop/Downloads/zcloud/zcloud/23710173/00_12_4B_00_01_49_2C_42_A0/2014-08-25T17-05-49Z
2015-11-13 09:50:40: startAt:2015-05-02T10:57:21Z;endAt:2015-05-03T03:36:58Z;size:2000
2015-11-13 09:50:40: 成功下载：/home/hadoop/Downloads/zcloud/zcloud/1674047509/00_12_4B_00_05_52_7C_16_A0/2015-05-02T10-57-21Z
2015-11-13 09:50:41: startAt:2015-05-03T03:36:58Z;endAt:2015-05-03T20:16:35Z;size:2000
2015-11-13 09:50:41: 成功下载：/home/hadoop/Downloads/zcloud/zcloud/1674047509/00_12_4B_00_05_52_7C_16_A0/2015-05-03T03-36-58Z
2015-11-13 09:50:41: startAt:2015-05-03T20:16:35Z;endAt:2015-05-04T15:13:43Z;size:2000
2015-11-13 09:50:41: 成功下载：/home/hadoop/Downloads/zcloud/zcloud/1674047509/00_12_4B_00_05_52_7C_16_A0/2015-05-03T20-16-35Z
2015-11-13 09:50:42: startAt:2015-05-10T07:08:58Z;endAt:2015-05-10T23:41:33Z;size:2000
2015-11-13 09:50:42: 成功下载：/home/hadoop/Downloads/zcloud/zcloud/1674047509/00_12_4B_00_03_D4_41_57_A0/2015-05-10T07-08-58Z
2015-11-13 09:50:44: startAt:2015-05-02T16:31:55Z;endAt:2015-05-03T09:11:01Z;size:2000
2015-11-13 09:50:44: 成功下载：/home/hadoop/Downloads/zcloud/zcloud/1674047509/00_12_4B_00_03_D4_41_57_A1/2015-05-02T16-31-55Z
2015-11-13 09:50:45: startAt:2015-05-03T09:11:01Z;endAt:2015-05-04T01:49:36Z;size:2000
2015-11-13 09:50:45: 成功下载：/home/hadoop/Downloads/zcloud/zcloud/1674047509/00_12_4B_00_03_D4_41_57_A1/2015-05-03T09-11-01Z
2015-11-13 09:50:46: startAt:2015-05-10T23:41:33Z;endAt:2015-05-11T19:15:40Z;size:2000
2015-11-13 09:50:46: 成功下载：/home/hadoop/Downloads/zcloud/zcloud/1674047509/00_12_4B_00_03_D4_41_57_A0/2015-05-10T23-41-33Z
2015-11-13 09:50:47: startAt:2015-05-04T15:13:43Z;endAt:2015-05-05T23:23:56Z;size:2000
2015-11-13 09:50:47: 成功下载：/home/hadoop/Downloads/zcloud/zcloud/1674047509/00_12_4B_00_05_52_7C_16_A0/2015-05-04T15-13-43Z
2015-11-13 09:50:49: startAt:2014-08-26T06:55:25Z;endAt:2014-08-26T20:39:21Z;size:2000
2015-11-13 09:50:49: 成功下载：/home/hadoop/Downloads/zcloud/zcloud/23710173/00_12_4B_00_01_49_2C_42_A0/2014-08-26T06-55-25Z
2015-11-13 09:50:51: startAt:2014-08-21T17:39:50Z;endAt:2014-08-22T06:30:16Z;size:2000
2015-11-13 09:50:51: 成功下载：/home/hadoop/Downloads/zcloud/zcloud/23710173/00_12_4B_00_01_49_2C_42_A1/2014-08-21T17-39-50Z
2015-11-13 09:50:53: startAt:2014-08-26T20:39:21Z;endAt:2014-08-27T12:05:13Z;size:2000
2015-11-13 09:50:53: 成功下载：/home/hadoop/Downloads/zcloud/zcloud/23710173/00_12_4B_00_01_49_2C_42_A0/2014-08-26T20-39-21Z
2015-11-13 09:50:54: startAt:2015-05-05T23:23:56Z;endAt:2015-05-06T22:55:05Z;size:2000
2015-11-13 09:50:54: 成功下载：/home/hadoop/Downloads/zcloud/zcloud/1674047509/00_12_4B_00_05_52_7C_16_A0/2015-05-05T23-23-56Z
2015-11-13 09:50:55: startAt:2015-05-06T22:55:05Z;endAt:2015-05-07T20:57:44Z;size:2000
2015-11-13 09:50:55: 成功下载：/home/hadoop/Downloads/zcloud/zcloud/1674047509/00_12_4B_00_05_52_7C_16_A0/2015-05-06T22-55-05Z
2015-11-13 09:50:56: startAt:2015-05-11T19:15:40Z;endAt:2015-05-12T11:55:46Z;size:2000
2015-11-13 09:50:56: 成功下载：/home/hadoop/Downloads/zcloud/zcloud/1674047509/00_12_4B_00_03_D4_41_57_A0/2015-05-11T19-15-40Z
2015-11-13 09:50:56: startAt:2015-05-12T11:55:46Z;endAt:2015-05-13T04:34:52Z;size:2000
2015-11-13 09:50:56: 成功下载：/home/hadoop/Downloads/zcloud/zcloud/1674047509/00_12_4B_00_03_D4_41_57_A0/2015-05-12T11-55-46Z
2015-11-13 09:50:57: startAt:2015-05-04T01:49:36Z;endAt:2015-05-05T00:42:14Z;size:2000
2015-11-13 09:50:57: 成功下载：/home/hadoop/Downloads/zcloud/zcloud/1674047509/00_12_4B_00_03_D4_41_57_A1/2015-05-04T01-49-36Z
2015-11-13 09:50:58: startAt:2015-05-05T00:42:14Z;endAt:2015-05-06T04:57:24Z;size:2000
2015-11-13 09:50:58: 成功下载：/home/hadoop/Downloads/zcloud/zcloud/1674047509/00_12_4B_00_03_D4_41_57_A1/2015-05-05T00-42-14Z
2015-11-13 09:50:59: startAt:2015-05-13T04:34:52Z;endAt:2015-05-13T21:13:57Z;size:2000
2015-11-13 09:50:59: 成功下载：/home/hadoop/Downloads/zcloud/zcloud/1674047509/00_12_4B_00_03_D4_41_57_A0/2015-05-13T04-34-52Z
2015-11-13 09:51:00: startAt:2015-05-13T21:13:57Z;endAt:2015-05-14T13:52:03Z;size:2000
2015-11-13 09:51:00: 成功下载：/home/hadoop/Downloads/zcloud/zcloud/1674047509/00_12_4B_00_03_D4_41_57_A0/2015-05-13T21-13-57Z
2015-11-13 09:51:00: startAt:2015-05-07T20:57:44Z;endAt:2015-05-09T10:22:00Z;size:2000
2015-11-13 09:51:00: 成功下载：/home/hadoop/Downloads/zcloud/zcloud/1674047509/00_12_4B_00_05_52_7C_16_A0/2015-05-07T20-57-44Z
2015-11-13 09:51:01: startAt:2014-08-27T12:05:13Z;endAt:2014-08-28T04:21:29Z;size:2000
2015-11-13 09:51:01: 成功下载：/home/hadoop/Downloads/zcloud/zcloud/23710173/00_12_4B_00_01_49_2C_42_A0/2014-08-27T12-05-13Z
2015-11-13 09:51:02: startAt:2014-08-22T06:30:16Z;endAt:2014-08-22T19:36:57Z;size:2000
2015-11-13 09:51:02: 成功下载：/home/hadoop/Downloads/zcloud/zcloud/23710173/00_12_4B_00_01_49_2C_42_A1/2014-08-22T06-30-16Z
2015-11-13 09:51:03: startAt:2014-08-22T19:36:57Z;endAt:2014-08-23T09:26:33Z;size:2000
2015-11-13 09:51:03: 成功下载：/home/hadoop/Downloads/zcloud/zcloud/23710173/00_12_4B_00_01_49_2C_42_A1/2014-08-22T19-36-57Z
2015-11-13 09:51:04: startAt:2014-08-28T04:21:29Z;endAt:2014-08-28T17:44:25Z;size:2000
2015-11-13 09:51:04: 成功下载：/home/hadoop/Downloads/zcloud/zcloud/23710173/00_12_4B_00_01_49_2C_42_A0/2014-08-28T04-21-29Z
2015-11-13 09:51:05: startAt:2015-05-09T10:22:00Z;endAt:2015-05-10T02:55:37Z;size:2000
2015-11-13 09:51:05: 成功下载：/home/hadoop/Downloads/zcloud/zcloud/1674047509/00_12_4B_00_05_52_7C_16_A0/2015-05-09T10-22-00Z
2015-11-13 09:51:06: startAt:2015-05-14T13:52:03Z;endAt:2015-05-15T06:22:09Z;size:2000
2015-11-13 09:51:06: 成功下载：/home/hadoop/Downloads/zcloud/zcloud/1674047509/00_12_4B_00_03_D4_41_57_A0/2015-05-14T13-52-03Z
2015-11-13 09:51:07: startAt:2015-05-15T06:22:09Z;endAt:2015-05-15T22:54:44Z;size:2000
2015-11-13 09:51:07: 成功下载：/home/hadoop/Downloads/zcloud/zcloud/1674047509/00_12_4B_00_03_D4_41_57_A0/2015-05-15T06-22-09Z
2015-11-13 09:51:07: startAt:2015-05-06T04:57:24Z;endAt:2015-05-07T04:28:02Z;size:2000
2015-11-13 09:51:07: 成功下载：/home/hadoop/Downloads/zcloud/zcloud/1674047509/00_12_4B_00_03_D4_41_57_A1/2015-05-06T04-57-24Z
2015-11-13 09:51:08: startAt:2015-05-07T04:28:02Z;endAt:2015-05-08T02:29:40Z;size:2000
2015-11-13 09:51:08: 成功下载：/home/hadoop/Downloads/zcloud/zcloud/1674047509/00_12_4B_00_03_D4_41_57_A1/2015-05-07T04-28-02Z
2015-11-13 09:51:09: startAt:2015-05-15T22:54:44Z;endAt:2015-05-16T15:33:50Z;size:2000
2015-11-13 09:51:09: 成功下载：/home/hadoop/Downloads/zcloud/zcloud/1674047509/00_12_4B_00_03_D4_41_57_A0/2015-05-15T22-54-44Z
2015-11-13 09:51:10: startAt:2015-05-16T15:33:50Z;endAt:2015-05-17T08:12:56Z;size:2000
2015-11-13 09:51:10: 成功下载：/home/hadoop/Downloads/zcloud/zcloud/1674047509/00_12_4B_00_03_D4_41_57_A0/2015-05-16T15-33-50Z
2015-11-13 09:51:11: startAt:2015-05-10T02:55:37Z;endAt:2015-05-10T19:33:45Z;size:2000
2015-11-13 09:51:11: 成功下载：/home/hadoop/Downloads/zcloud/zcloud/1674047509/00_12_4B_00_05_52_7C_16_A0/2015-05-10T02-55-37Z
2015-11-13 09:51:12: startAt:2014-08-28T17:44:25Z;endAt:2014-08-29T07:37:21Z;size:2000
2015-11-13 09:51:12: 成功下载：/home/hadoop/Downloads/zcloud/zcloud/23710173/00_12_4B_00_01_49_2C_42_A0/2014-08-28T17-44-25Z
2015-11-13 09:51:13: startAt:2014-08-23T09:26:33Z;endAt:2014-08-23T23:19:55Z;size:2000
2015-11-13 09:51:13: 成功下载：/home/hadoop/Downloads/zcloud/zcloud/23710173/00_12_4B_00_01_49_2C_42_A1/2014-08-23T09-26-33Z
2015-11-13 09:51:14: startAt:2014-08-29T07:37:21Z;endAt:2014-08-29T20:07:26Z;size:2000
2015-11-13 09:51:14: 成功下载：/home/hadoop/Downloads/zcloud/zcloud/23710173/00_12_4B_00_01_49_2C_42_A0/2014-08-29T07-37-21Z
2015-11-13 09:51:15: startAt:2015-05-10T19:33:45Z;endAt:2015-05-11T15:07:53Z;size:2000
2015-11-13 09:51:15: 成功下载：/home/hadoop/Downloads/zcloud/zcloud/1674047509/00_12_4B_00_05_52_7C_16_A0/2015-05-10T19-33-45Z
2015-11-13 09:51:16: startAt:2015-05-17T08:12:56Z;endAt:2015-05-18T00:52:32Z;size:2000
2015-11-13 09:51:16: 成功下载：/home/hadoop/Downloads/zcloud/zcloud/1674047509/00_12_4B_00_03_D4_41_57_A0/2015-05-17T08-12-56Z
2015-11-13 09:51:17: startAt:2015-05-18T00:52:32Z;endAt:2015-05-18T17:31:37Z;size:2000
2015-11-13 09:51:17: 成功下载：/home/hadoop/Downloads/zcloud/zcloud/1674047509/00_12_4B_00_03_D4_41_57_A0/2015-05-18T00-52-32Z
2015-11-13 09:51:17: startAt:2015-05-08T02:29:40Z;endAt:2015-05-09T15:46:52Z;size:2000
2015-11-13 09:51:17: 成功下载：/home/hadoop/Downloads/zcloud/zcloud/1674047509/00_12_4B_00_03_D4_41_57_A1/2015-05-08T02-29-40Z
2015-11-13 09:51:18: startAt:2015-05-18T17:31:37Z;endAt:2015-05-19T10:09:43Z;size:2000
2015-11-13 09:51:18: 成功下载：/home/hadoop/Downloads/zcloud/zcloud/1674047509/00_12_4B_00_03_D4_41_57_A0/2015-05-18T17-31-37Z
2015-11-13 09:51:19: startAt:2015-05-11T15:07:53Z;endAt:2015-05-12T07:48:00Z;size:2000
2015-11-13 09:51:19: 成功下载：/home/hadoop/Downloads/zcloud/zcloud/1674047509/00_12_4B_00_05_52_7C_16_A0/2015-05-11T15-07-53Z
2015-11-13 09:51:20: startAt:2014-08-29T20:07:26Z;endAt:2014-08-30T09:25:22Z;size:2000
2015-11-13 09:51:20: 成功下载：/home/hadoop/Downloads/zcloud/zcloud/23710173/00_12_4B_00_01_49_2C_42_A0/2014-08-29T20-07-26Z
2015-11-13 09:51:21: startAt:2014-08-23T23:19:55Z;endAt:2014-08-24T13:13:16Z;size:2000
2015-11-13 09:51:21: 成功下载：/home/hadoop/Downloads/zcloud/zcloud/23710173/00_12_4B_00_01_49_2C_42_A1/2014-08-23T23-19-55Z
2015-11-13 09:51:22: startAt:2014-08-30T09:25:22Z;endAt:2014-08-30T22:53:20Z;size:2000
2015-11-13 09:51:22: 成功下载：/home/hadoop/Downloads/zcloud/zcloud/23710173/00_12_4B_00_01_49_2C_42_A0/2014-08-30T09-25-22Z
2015-11-13 09:51:23: startAt:2014-08-30T22:53:20Z;endAt:2014-08-31T12:29:36Z;size:2000
2015-11-13 09:51:23: 成功下载：/home/hadoop/Downloads/zcloud/zcloud/23710173/00_12_4B_00_01_49_2C_42_A0/2014-08-30T22-53-20Z
2015-11-13 09:51:24: startAt:2014-08-31T12:29:36Z;endAt:2014-09-01T02:06:43Z;size:2000
2015-11-13 09:51:24: 成功下载：/home/hadoop/Downloads/zcloud/zcloud/23710173/00_12_4B_00_01_49_2C_42_A0/2014-08-31T12-29-36Z
2015-11-13 09:51:24: startAt:2015-05-12T07:48:00Z;endAt:2015-05-13T00:27:07Z;size:2000
2015-11-13 09:51:24: 成功下载：/home/hadoop/Downloads/zcloud/zcloud/1674047509/00_12_4B_00_05_52_7C_16_A0/2015-05-12T07-48-00Z
2015-11-13 09:51:25: startAt:2015-05-19T10:09:43Z;endAt:2015-05-20T02:48:49Z;size:2000
2015-11-13 09:51:25: 成功下载：/home/hadoop/Downloads/zcloud/zcloud/1674047509/00_12_4B_00_03_D4_41_57_A0/2015-05-19T10-09-43Z
2015-11-13 09:51:26: startAt:2015-05-09T15:46:52Z;endAt:2015-05-10T08:25:58Z;size:2000
2015-11-13 09:51:26: 成功下载：/home/hadoop/Downloads/zcloud/zcloud/1674047509/00_12_4B_00_03_D4_41_57_A1/2015-05-09T15-46-52Z
2015-11-13 09:51:27: startAt:2015-05-20T02:48:49Z;endAt:2015-05-20T19:26:55Z;size:2000
2015-11-13 09:51:27: 成功下载：/home/hadoop/Downloads/zcloud/zcloud/1674047509/00_12_4B_00_03_D4_41_57_A0/2015-05-20T02-48-49Z
2015-11-13 09:51:27: startAt:2015-05-13T00:27:07Z;endAt:2015-05-13T17:07:15Z;size:2000
2015-11-13 09:51:27: 成功下载：/home/hadoop/Downloads/zcloud/zcloud/1674047509/00_12_4B_00_05_52_7C_16_A0/2015-05-13T00-27-07Z
2015-11-13 09:51:28: startAt:2014-09-01T02:06:43Z;endAt:2014-09-01T15:12:47Z;size:2000
2015-11-13 09:51:28: 成功下载：/home/hadoop/Downloads/zcloud/zcloud/23710173/00_12_4B_00_01_49_2C_42_A0/2014-09-01T02-06-43Z
2015-11-13 09:51:29: startAt:2014-08-24T13:13:16Z;endAt:2014-08-25T03:06:13Z;size:2000
2015-11-13 09:51:29: 成功下载：/home/hadoop/Downloads/zcloud/zcloud/23710173/00_12_4B_00_01_49_2C_42_A1/2014-08-24T13-13-16Z
2015-11-13 09:51:30: startAt:2014-09-01T15:12:47Z;endAt:2014-09-02T04:54:05Z;size:2000
2015-11-13 09:51:30: 成功下载：/home/hadoop/Downloads/zcloud/zcloud/23710173/00_12_4B_00_01_49_2C_42_A0/2014-09-01T15-12-47Z
2015-11-13 09:51:31: startAt:2014-09-02T04:54:05Z;endAt:2014-09-02T18:01:54Z;size:2000
2015-11-13 09:51:31: 成功下载：/home/hadoop/Downloads/zcloud/zcloud/23710173/00_12_4B_00_01_49_2C_42_A0/2014-09-02T04-54-05Z
2015-11-13 09:51:32: startAt:2014-09-02T18:01:54Z;endAt:2014-09-03T07:43:35Z;size:2000
2015-11-13 09:51:32: 成功下载：/home/hadoop/Downloads/zcloud/zcloud/23710173/00_12_4B_00_01_49_2C_42_A0/2014-09-02T18-01-54Z
2015-11-13 09:51:33: startAt:2015-05-13T17:07:15Z;endAt:2015-05-14T09:46:52Z;size:2000
2015-11-13 09:51:33: 成功下载：/home/hadoop/Downloads/zcloud/zcloud/1674047509/00_12_4B_00_05_52_7C_16_A0/2015-05-13T17-07-15Z
2015-11-13 09:51:34: startAt:2015-05-20T19:26:55Z;endAt:2015-05-21T12:07:30Z;size:2000
2015-11-13 09:51:34: 成功下载：/home/hadoop/Downloads/zcloud/zcloud/1674047509/00_12_4B_00_03_D4_41_57_A0/2015-05-20T19-26-55Z
2015-11-13 09:51:35: startAt:2015-05-10T08:25:58Z;endAt:2015-05-11T00:59:04Z;size:2000
2015-11-13 09:51:35: 成功下载：/home/hadoop/Downloads/zcloud/zcloud/1674047509/00_12_4B_00_03_D4_41_57_A1/2015-05-10T08-25-58Z
2015-11-13 09:51:35: startAt:2015-05-11T00:59:04Z;endAt:2015-05-11T20:33:11Z;size:2000
2015-11-13 09:51:35: 成功下载：/home/hadoop/Downloads/zcloud/zcloud/1674047509/00_12_4B_00_03_D4_41_57_A1/2015-05-11T00-59-04Z
2015-11-13 09:51:36: startAt:2015-05-21T12:07:30Z;endAt:2015-05-22T04:46:36Z;size:2000
2015-11-13 09:51:36: 成功下载：/home/hadoop/Downloads/zcloud/zcloud/1674047509/00_12_4B_00_03_D4_41_57_A0/2015-05-21T12-07-30Z
2015-11-13 09:51:37: startAt:2015-05-22T04:46:36Z;endAt:2015-05-22T21:26:42Z;size:2000
2015-11-13 09:51:37: 成功下载：/home/hadoop/Downloads/zcloud/zcloud/1674047509/00_12_4B_00_03_D4_41_57_A0/2015-05-22T04-46-36Z
2015-11-13 09:51:38: startAt:2015-05-22T21:26:42Z;endAt:2015-05-23T14:06:17Z;size:2000
2015-11-13 09:51:38: 成功下载：/home/hadoop/Downloads/zcloud/zcloud/1674047509/00_12_4B_00_03_D4_41_57_A0/2015-05-22T21-26-42Z
2015-11-13 09:51:39: startAt:2015-05-14T09:46:52Z;endAt:2015-05-15T02:18:29Z;size:2000
2015-11-13 09:51:39: 成功下载：/home/hadoop/Downloads/zcloud/zcloud/1674047509/00_12_4B_00_05_52_7C_16_A0/2015-05-14T09-46-52Z
2015-11-13 09:51:39: startAt:2014-09-03T07:43:35Z;endAt:2014-09-03T17:37:15Z;size:2000
2015-11-13 09:51:39: 成功下载：/home/hadoop/Downloads/zcloud/zcloud/23710173/00_12_4B_00_01_49_2C_42_A0/2014-09-03T07-43-35Z
2015-11-13 09:51:40: startAt:2014-08-25T03:06:13Z;endAt:2014-08-25T16:57:04Z;size:2000
2015-11-13 09:51:40: 成功下载：/home/hadoop/Downloads/zcloud/zcloud/23710173/00_12_4B_00_01_49_2C_42_A1/2014-08-25T03-06-13Z
2015-11-13 09:51:41: startAt:2014-09-03T17:37:15Z;endAt:2014-09-04T07:29:46Z;size:2000
2015-11-13 09:51:41: 成功下载：/home/hadoop/Downloads/zcloud/zcloud/23710173/00_12_4B_00_01_49_2C_42_A0/2014-09-03T17-37-15Z
2015-11-13 09:51:42: startAt:2015-05-15T02:18:29Z;endAt:2015-05-15T18:58:36Z;size:2000
2015-11-13 09:51:42: 成功下载：/home/hadoop/Downloads/zcloud/zcloud/1674047509/00_12_4B_00_05_52_7C_16_A0/2015-05-15T02-18-29Z
2015-11-13 09:51:43: startAt:2015-05-23T14:06:17Z;endAt:2015-05-24T06:40:53Z;size:2000
2015-11-13 09:51:43: 成功下载：/home/hadoop/Downloads/zcloud/zcloud/1674047509/00_12_4B_00_03_D4_41_57_A0/2015-05-23T14-06-17Z
2015-11-13 09:51:44: startAt:2015-05-11T20:33:11Z;endAt:2015-05-12T13:13:16Z;size:2000
2015-11-13 09:51:44: 成功下载：/home/hadoop/Downloads/zcloud/zcloud/1674047509/00_12_4B_00_03_D4_41_57_A1/2015-05-11T20-33-11Z
2015-11-13 09:51:44: startAt:2015-05-24T06:40:53Z;endAt:2015-05-24T23:20:29Z;size:2000
2015-11-13 09:51:44: 成功下载：/home/hadoop/Downloads/zcloud/zcloud/1674047509/00_12_4B_00_03_D4_41_57_A0/2015-05-24T06-40-53Z
2015-11-13 09:51:45: startAt:2015-05-15T18:58:36Z;endAt:2015-05-16T11:39:13Z;size:2000
2015-11-13 09:51:45: 成功下载：/home/hadoop/Downloads/zcloud/zcloud/1674047509/00_12_4B_00_05_52_7C_16_A0/2015-05-15T18-58-36Z
2015-11-13 09:51:46: startAt:2014-09-04T07:29:46Z;endAt:2014-09-04T20:44:33Z;size:2000
2015-11-13 09:51:46: 成功下载：/home/hadoop/Downloads/zcloud/zcloud/23710173/00_12_4B_00_01_49_2C_42_A0/2014-09-04T07-29-46Z
2015-11-13 09:51:47: startAt:2014-08-25T16:57:04Z;endAt:2014-08-26T06:46:40Z;size:2000
2015-11-13 09:51:47: 成功下载：/home/hadoop/Downloads/zcloud/zcloud/23710173/00_12_4B_00_01_49_2C_42_A1/2014-08-25T16-57-04Z
2015-11-13 09:51:48: startAt:2014-08-26T06:46:40Z;endAt:2014-08-26T20:30:36Z;size:2000
2015-11-13 09:51:48: 成功下载：/home/hadoop/Downloads/zcloud/zcloud/23710173/00_12_4B_00_01_49_2C_42_A1/2014-08-26T06-46-40Z
2015-11-13 09:51:49: startAt:2014-09-04T20:44:33Z;endAt:2014-09-05T09:56:55Z;size:2000
2015-11-13 09:51:49: 成功下载：/home/hadoop/Downloads/zcloud/zcloud/23710173/00_12_4B_00_01_49_2C_42_A0/2014-09-04T20-44-33Z
2015-11-13 09:51:50: startAt:2015-05-16T11:39:13Z;endAt:2015-05-17T04:17:50Z;size:2000
2015-11-13 09:51:50: 成功下载：/home/hadoop/Downloads/zcloud/zcloud/1674047509/00_12_4B_00_05_52_7C_16_A0/2015-05-16T11-39-13Z
2015-11-13 09:51:51: startAt:2015-05-24T23:20:29Z;endAt:2015-05-25T15:55:05Z;size:2000
2015-11-13 09:51:51: 成功下载：/home/hadoop/Downloads/zcloud/zcloud/1674047509/00_12_4B_00_03_D4_41_57_A0/2015-05-24T23-20-29Z
2015-11-13 09:51:51: startAt:2015-05-12T13:13:16Z;endAt:2015-05-13T05:52:22Z;size:2000
2015-11-13 09:51:51: 成功下载：/home/hadoop/Downloads/zcloud/zcloud/1674047509/00_12_4B_00_03_D4_41_57_A1/2015-05-12T13-13-16Z
2015-11-13 09:51:52: startAt:2015-05-25T15:55:05Z;endAt:2015-05-26T08:31:40Z;size:2000
2015-11-13 09:51:52: 成功下载：/home/hadoop/Downloads/zcloud/zcloud/1674047509/00_12_4B_00_03_D4_41_57_A0/2015-05-25T15-55-05Z
2015-11-13 09:51:53: startAt:2015-05-26T08:31:40Z;endAt:2015-05-27T01:09:46Z;size:2000
2015-11-13 09:51:53: 成功下载：/home/hadoop/Downloads/zcloud/zcloud/1674047509/00_12_4B_00_03_D4_41_57_A0/2015-05-26T08-31-40Z
2015-11-13 09:51:54: startAt:2015-05-27T01:09:46Z;endAt:2015-05-27T17:54:50Z;size:2000
2015-11-13 09:51:54: 成功下载：/home/hadoop/Downloads/zcloud/zcloud/1674047509/00_12_4B_00_03_D4_41_57_A0/2015-05-27T01-09-46Z
2015-11-13 09:51:54: startAt:2015-05-17T04:17:50Z;endAt:2015-05-17T20:56:57Z;size:2000
2015-11-13 09:51:54: 成功下载：/home/hadoop/Downloads/zcloud/zcloud/1674047509/00_12_4B_00_05_52_7C_16_A0/2015-05-17T04-17-50Z
2015-11-13 09:51:55: startAt:2014-09-05T09:56:55Z;endAt:2014-09-05T20:15:10Z;size:2000
2015-11-13 09:51:55: 成功下载：/home/hadoop/Downloads/zcloud/zcloud/23710173/00_12_4B_00_01_49_2C_42_A0/2014-09-05T09-56-55Z
2015-11-13 09:51:56: startAt:2014-08-26T20:30:36Z;endAt:2014-08-27T11:56:28Z;size:2000
2015-11-13 09:51:56: 成功下载：/home/hadoop/Downloads/zcloud/zcloud/23710173/00_12_4B_00_01_49_2C_42_A1/2014-08-26T20-30-36Z
2015-11-13 09:51:57: startAt:2014-09-05T20:15:10Z;endAt:2014-09-06T09:56:27Z;size:2000
2015-11-13 09:51:57: 成功下载：/home/hadoop/Downloads/zcloud/zcloud/23710173/00_12_4B_00_01_49_2C_42_A0/2014-09-05T20-15-10Z
2015-11-13 09:51:58: startAt:2015-05-17T20:56:57Z;endAt:2015-05-18T13:37:34Z;size:2000
2015-11-13 09:51:58: 成功下载：/home/hadoop/Downloads/zcloud/zcloud/1674047509/00_12_4B_00_05_52_7C_16_A0/2015-05-17T20-56-57Z
2015-11-13 09:51:59: startAt:2015-05-27T17:54:50Z;endAt:2015-05-28T10:37:42Z;size:2000
2015-11-13 09:51:59: 成功下载：/home/hadoop/Downloads/zcloud/zcloud/1674047509/00_12_4B_00_03_D4_41_57_A0/2015-05-27T17-54-50Z
2015-11-13 09:51:59: startAt:2015-05-13T05:52:22Z;endAt:2015-05-13T22:31:28Z;size:2000
2015-11-13 09:51:59: 成功下载：/home/hadoop/Downloads/zcloud/zcloud/1674047509/00_12_4B_00_03_D4_41_57_A1/2015-05-13T05-52-22Z
2015-11-13 09:52:00: startAt:2015-05-13T22:31:28Z;endAt:2015-05-14T14:33:03Z;size:2000
2015-11-13 09:52:00: 成功下载：/home/hadoop/Downloads/zcloud/zcloud/1674047509/00_12_4B_00_03_D4_41_57_A1/2015-05-13T22-31-28Z
2015-11-13 09:52:01: startAt:2015-05-28T10:37:42Z;endAt:2015-05-29T05:50:52Z;size:2000
2015-11-13 09:52:01: 成功下载：/home/hadoop/Downloads/zcloud/zcloud/1674047509/00_12_4B_00_03_D4_41_57_A0/2015-05-28T10-37-42Z
2015-11-13 09:52:02: startAt:2015-05-18T13:37:34Z;endAt:2015-05-18T23:28:08Z;size:2000
2015-11-13 09:52:02: 成功下载：/home/hadoop/Downloads/zcloud/zcloud/1674047509/00_12_4B_00_05_52_7C_16_A0/2015-05-18T13-37-34Z
2015-11-13 09:52:03: startAt:2015-05-18T23:28:08Z;endAt:2015-05-19T16:07:15Z;size:2000
2015-11-13 09:52:03: 成功下载：/home/hadoop/Downloads/zcloud/zcloud/1674047509/00_12_4B_00_05_52_7C_16_A0/2015-05-18T23-28-08Z
2015-11-13 09:52:03: startAt:2014-09-06T09:56:27Z;endAt:2014-09-06T23:36:03Z;size:2000
2015-11-13 09:52:03: 成功下载：/home/hadoop/Downloads/zcloud/zcloud/23710173/00_12_4B_00_01_49_2C_42_A0/2014-09-06T09-56-27Z
2015-11-13 09:52:04: startAt:2014-08-27T11:56:28Z;endAt:2014-08-28T04:12:44Z;size:2000
2015-11-13 09:52:04: 成功下载：/home/hadoop/Downloads/zcloud/zcloud/23710173/00_12_4B_00_01_49_2C_42_A1/2014-08-27T11-56-28Z
2015-11-13 09:52:05: startAt:2014-09-06T23:36:03Z;endAt:2014-09-07T13:18:09Z;size:2000
2015-11-13 09:52:05: 成功下载：/home/hadoop/Downloads/zcloud/zcloud/23710173/00_12_4B_00_01_49_2C_42_A0/2014-09-06T23-36-03Z
2015-11-13 09:52:06: startAt:2015-05-19T16:07:15Z;endAt:2015-05-20T08:46:22Z;size:2000
2015-11-13 09:52:06: 成功下载：/home/hadoop/Downloads/zcloud/zcloud/1674047509/00_12_4B_00_05_52_7C_16_A0/2015-05-19T16-07-15Z
2015-11-13 09:52:07: startAt:2015-05-20T08:46:22Z;endAt:2015-05-21T01:22:59Z;size:2000
2015-11-13 09:52:07: 成功下载：/home/hadoop/Downloads/zcloud/zcloud/1674047509/00_12_4B_00_05_52_7C_16_A0/2015-05-20T08-46-22Z
2015-11-13 09:52:08: startAt:2015-05-29T05:50:52Z;endAt:2015-05-29T22:34:58Z;size:2000
2015-11-13 09:52:08: 成功下载：/home/hadoop/Downloads/zcloud/zcloud/1674047509/00_12_4B_00_03_D4_41_57_A0/2015-05-29T05-50-52Z
2015-11-13 09:52:08: startAt:2015-05-29T22:34:58Z;endAt:2015-05-30T15:12:34Z;size:2000
2015-11-13 09:52:08: 成功下载：/home/hadoop/Downloads/zcloud/zcloud/1674047509/00_12_4B_00_03_D4_41_57_A0/2015-05-29T22-34-58Z
2015-11-13 09:52:09: startAt:2015-05-14T14:33:03Z;endAt:2015-05-15T07:04:39Z;size:2000
2015-11-13 09:52:09: 成功下载：/home/hadoop/Downloads/zcloud/zcloud/1674047509/00_12_4B_00_03_D4_41_57_A1/2015-05-14T14-33-03Z
2015-11-13 09:52:10: startAt:2015-05-30T15:12:34Z;endAt:2015-05-31T07:42:40Z;size:2000
2015-11-13 09:52:10: 成功下载：/home/hadoop/Downloads/zcloud/zcloud/1674047509/00_12_4B_00_03_D4_41_57_A0/2015-05-30T15-12-34Z
2015-11-13 09:52:11: startAt:2015-05-21T01:22:59Z;endAt:2015-05-21T18:03:36Z;size:2000
2015-11-13 09:52:11: 成功下载：/home/hadoop/Downloads/zcloud/zcloud/1674047509/00_12_4B_00_05_52_7C_16_A0/2015-05-21T01-22-59Z
2015-11-13 09:52:11: startAt:2015-05-21T18:03:36Z;endAt:2015-05-22T10:43:13Z;size:2000
2015-11-13 09:52:11: 成功下载：/home/hadoop/Downloads/zcloud/zcloud/1674047509/00_12_4B_00_05_52_7C_16_A0/2015-05-21T18-03-36Z
2015-11-13 09:52:12: startAt:2014-09-07T13:18:09Z;endAt:2014-09-08T03:01:05Z;size:2000
2015-11-13 09:52:12: 成功下载：/home/hadoop/Downloads/zcloud/zcloud/23710173/00_12_4B_00_01_49_2C_42_A0/2014-09-07T13-18-09Z
2015-11-13 09:52:13: startAt:2014-08-28T04:12:44Z;endAt:2014-08-28T16:51:05Z;size:2000
2015-11-13 09:52:13: 成功下载：/home/hadoop/Downloads/zcloud/zcloud/23710173/00_12_4B_00_01_49_2C_42_A1/2014-08-28T04-12-44Z
2015-11-13 09:52:14: startAt:2014-08-28T16:51:05Z;endAt:2014-08-29T05:50:41Z;size:2000
2015-11-13 09:52:14: 成功下载：/home/hadoop/Downloads/zcloud/zcloud/23710173/00_12_4B_00_01_49_2C_42_A1/2014-08-28T16-51-05Z
2015-11-13 09:52:15: startAt:2014-09-08T03:01:05Z;endAt:2014-09-08T16:46:31Z;size:2000
2015-11-13 09:52:15: 成功下载：/home/hadoop/Downloads/zcloud/zcloud/23710173/00_12_4B_00_01_49_2C_42_A0/2014-09-08T03-01-05Z
2015-11-13 09:57:54: FinnishJobRunable在等待所有的读历史数据线程执行完毕！
2015-11-13 09:57:54: 00:12:4B:00:02:CB:A8:52_A1获取历史数据结束！
2015-11-13 09:57:55: startAt:2015-11-11T10:00:04Z;endAt:2015-11-12T02:57:10Z;size:2000
2015-11-13 09:57:55: 完整文件已经保存
2015-11-13 09:57:56: startAt:2015-11-11T08:06:03Z;endAt:2015-11-12T01:02:10Z;size:2000
2015-11-13 09:57:56: 完整文件已经保存
2015-11-13 09:57:56: startAt:2015-06-04T08:17:36Z;endAt:2015-06-04T11:15:23Z;size:699
2015-11-13 09:57:56: 成功下载：/home/hadoop/Downloads/zcloud/367953136/00_12_4B_00_05_3C_E4_7C_A0/2015-06-04T08-17-36Z
2015-11-13 09:57:56: 00:12:4B:00:05:3C:E4:7C_A0获取历史数据结束！
2015-11-13 09:57:57: startAt:2015-06-03T10:17:05Z;endAt:2015-06-04T11:15:19Z;size:1084
2015-11-13 09:57:57: 成功下载：/home/hadoop/Downloads/zcloud/367953136/00_12_4B_00_05_3C_E2_7B_A1/2015-06-03T10-17-05Z
2015-11-13 09:57:57: 00:12:4B:00:05:3C:E2:7B_A1获取历史数据结束！
2015-11-13 09:57:57: startAt:2015-06-03T10:17:05Z;endAt:2015-06-04T11:15:19Z;size:1084
2015-11-13 09:57:57: 成功下载：/home/hadoop/Downloads/zcloud/367953136/00_12_4B_00_05_3C_E2_7B_A0/2015-06-03T10-17-05Z
2015-11-13 09:57:57: 00:12:4B:00:05:3C:E2:7B_A0获取历史数据结束！
2015-11-13 09:57:57: startAt:2015-11-10T23:35:27Z;endAt:2015-11-11T16:14:04Z;size:2000
2015-11-13 09:57:58: 完整文件已经保存
2015-11-13 09:57:58: startAt:2015-11-11T16:14:04Z;endAt:2015-11-12T08:50:41Z;size:2000
2015-11-13 09:57:58: 成功下载：/home/hadoop/Downloads/zcloud/1674047509/00_12_4B_00_05_52_7C_16_A0/2015-11-11T16-14-04Z
2015-11-13 09:57:59: startAt:2015-11-11T09:54:38Z;endAt:2015-11-11T15:27:10Z;size:2000
2015-11-13 09:57:59: 完整文件已经保存
2015-11-13 09:58:00: startAt:2015-11-11T09:48:38Z;endAt:2015-11-11T15:21:10Z;size:2000
2015-11-13 09:58:00: 完整文件已经保存
2015-11-13 09:58:00: startAt:2015-11-11T15:21:10Z;endAt:2015-11-11T20:52:06Z;size:2000
2015-11-13 09:58:00: 成功下载：/home/hadoop/Downloads/zcloud/1674047509/00_12_4B_00_03_D4_41_57_A0/2015-11-11T15-21-10Z
2015-11-13 09:58:01: startAt:2015-11-11T20:52:06Z;endAt:2015-11-12T02:24:08Z;size:2000
2015-11-13 09:58:01: 成功下载：/home/hadoop/Downloads/zcloud/1674047509/00_12_4B_00_03_D4_41_57_A0/2015-11-11T20-52-06Z
2015-11-13 09:58:01: 00:12:4B:00:02:CB:A9:C7_A0获取历史数据结束！
2015-11-13 09:58:01: 00:12:4B:00:02:CB:A8:52_A0获取历史数据结束！
2015-11-13 09:58:02: startAt:2015-11-12T02:24:08Z;endAt:2015-11-12T07:58:39Z;size:2000
2015-11-13 09:58:02: 成功下载：/home/hadoop/Downloads/zcloud/1674047509/00_12_4B_00_03_D4_41_57_A0/2015-11-12T02-24-08Z
2015-11-13 09:58:03: startAt:2015-11-11T15:27:10Z;endAt:2015-11-11T20:57:36Z;size:2000
2015-11-13 09:58:03: 成功下载：/home/hadoop/Downloads/zcloud/1674047509/00_12_4B_00_03_D4_41_57_A1/2015-11-11T15-27-10Z
2015-11-13 09:58:04: startAt:2015-11-12T08:50:41Z;endAt:2015-11-13T01:29:18Z;size:2000
2015-11-13 09:58:04: 成功下载：/home/hadoop/Downloads/zcloud/1674047509/00_12_4B_00_05_52_7C_16_A0/2015-11-12T08-50-41Z
2015-11-13 09:58:04: startAt:2015-11-12T01:02:10Z;endAt:2015-11-12T17:51:16Z;size:2000
2015-11-13 09:58:04: 成功下载：/home/hadoop/Downloads/zcloud/23710173/00_12_4B_00_01_49_2C_42_A0/2015-11-12T01-02-10Z
2015-11-13 09:58:05: startAt:2015-11-12T02:57:10Z;endAt:2015-11-12T19:40:46Z;size:2000
2015-11-13 09:58:05: 成功下载：/home/hadoop/Downloads/zcloud/23710173/00_12_4B_00_01_49_2C_42_A1/2015-11-12T02-57-10Z
2015-11-13 09:58:06: startAt:2015-11-12T17:51:16Z;endAt:2015-11-13T09:57:51Z;size:1917
2015-11-13 09:58:06: 成功下载：/home/hadoop/Downloads/zcloud/23710173/00_12_4B_00_01_49_2C_42_A0/2015-11-12T17-51-16Z
2015-11-13 09:58:06: 00:12:4B:00:01:49:2C:42_A0获取历史数据结束！
2015-11-13 09:58:07: startAt:2015-11-13T01:29:18Z;endAt:2015-11-13T09:57:51Z;size:1014
2015-11-13 09:58:07: 成功下载：/home/hadoop/Downloads/zcloud/1674047509/00_12_4B_00_05_52_7C_16_A0/2015-11-13T01-29-18Z
2015-11-13 09:58:07: 00:12:4B:00:05:52:7C:16_A0获取历史数据结束！
2015-11-13 09:58:07: startAt:2015-11-11T20:57:36Z;endAt:2015-11-12T02:30:08Z;size:2000
2015-11-13 09:58:07: 成功下载：/home/hadoop/Downloads/zcloud/1674047509/00_12_4B_00_03_D4_41_57_A1/2015-11-11T20-57-36Z
2015-11-13 09:58:08: startAt:2015-11-12T07:58:39Z;endAt:2015-11-12T13:31:47Z;size:2000
2015-11-13 09:58:08: 成功下载：/home/hadoop/Downloads/zcloud/1674047509/00_12_4B_00_03_D4_41_57_A0/2015-11-12T07-58-39Z
2015-11-13 09:58:09: startAt:2015-11-12T02:30:08Z;endAt:2015-11-12T08:04:39Z;size:2000
2015-11-13 09:58:09: 成功下载：/home/hadoop/Downloads/zcloud/1674047509/00_12_4B_00_03_D4_41_57_A1/2015-11-12T02-30-08Z
2015-11-13 09:58:10: startAt:2015-11-12T08:04:39Z;endAt:2015-11-12T13:37:47Z;size:2000
2015-11-13 09:58:10: 成功下载：/home/hadoop/Downloads/zcloud/1674047509/00_12_4B_00_03_D4_41_57_A1/2015-11-12T08-04-39Z
2015-11-13 09:58:10: startAt:2015-11-12T19:40:46Z;endAt:2015-11-13T09:57:51Z;size:1703
2015-11-13 09:58:10: 成功下载：/home/hadoop/Downloads/zcloud/23710173/00_12_4B_00_01_49_2C_42_A1/2015-11-12T19-40-46Z
2015-11-13 09:58:10: 00:12:4B:00:01:49:2C:42_A1获取历史数据结束！
2015-11-13 09:58:12: startAt:2015-11-12T13:37:47Z;endAt:2015-11-12T19:10:55Z;size:2000
2015-11-13 09:58:12: 成功下载：/home/hadoop/Downloads/zcloud/1674047509/00_12_4B_00_03_D4_41_57_A1/2015-11-12T13-37-47Z
2015-11-13 09:58:12: startAt:2015-11-12T13:31:47Z;endAt:2015-11-12T19:04:55Z;size:2000
2015-11-13 09:58:12: 成功下载：/home/hadoop/Downloads/zcloud/1674047509/00_12_4B_00_03_D4_41_57_A0/2015-11-12T13-31-47Z
2015-11-13 09:58:13: startAt:2015-11-12T19:10:55Z;endAt:2015-11-13T00:44:15Z;size:2000
2015-11-13 09:58:13: 成功下载：/home/hadoop/Downloads/zcloud/1674047509/00_12_4B_00_03_D4_41_57_A1/2015-11-12T19-10-55Z
2015-11-13 09:58:14: startAt:2015-11-12T19:04:55Z;endAt:2015-11-13T00:38:15Z;size:2000
2015-11-13 09:58:14: 成功下载：/home/hadoop/Downloads/zcloud/1674047509/00_12_4B_00_03_D4_41_57_A0/2015-11-12T19-04-55Z
2015-11-13 09:58:15: startAt:2015-11-13T00:44:15Z;endAt:2015-11-13T06:17:23Z;size:2000
2015-11-13 09:58:15: 成功下载：/home/hadoop/Downloads/zcloud/1674047509/00_12_4B_00_03_D4_41_57_A1/2015-11-13T00-44-15Z
2015-11-13 09:58:15: startAt:2015-11-13T00:38:15Z;endAt:2015-11-13T06:11:23Z;size:2000
2015-11-13 09:58:15: 成功下载：/home/hadoop/Downloads/zcloud/1674047509/00_12_4B_00_03_D4_41_57_A0/2015-11-13T00-38-15Z
2015-11-13 09:58:16: startAt:2015-11-13T06:17:23Z;endAt:2015-11-13T09:58:01Z;size:1314
2015-11-13 09:58:16: 成功下载：/home/hadoop/Downloads/zcloud/1674047509/00_12_4B_00_03_D4_41_57_A1/2015-11-13T06-17-23Z
2015-11-13 09:58:16: 00:12:4B:00:03:D4:41:57_A1获取历史数据结束！
2015-11-13 09:58:17: startAt:2015-11-13T06:11:23Z;endAt:2015-11-13T09:58:01Z;size:1350
2015-11-13 09:58:17: 成功下载：/home/hadoop/Downloads/zcloud/1674047509/00_12_4B_00_03_D4_41_57_A0/2015-11-13T06-11-23Z
2015-11-13 09:58:17: 00:12:4B:00:03:D4:41:57_A0获取历史数据结束！
2015-11-13 09:58:17: FinnishJobRunable释放连接资源！
2015-11-13 10:01:01: FinnishJobRunable在等待所有的读历史数据线程执行完毕！
2015-11-13 10:01:01: 00:12:4B:00:02:CB:A8:52_A1获取历史数据结束！
2015-11-13 10:01:02: startAt:2015-11-11T10:00:04Z;endAt:2015-11-12T02:57:10Z;size:2000
2015-11-13 10:01:02: 完整文件已经保存
2015-11-13 10:01:03: startAt:2015-11-11T08:06:03Z;endAt:2015-11-12T01:02:10Z;size:2000
2015-11-13 10:01:03: 完整文件已经保存
2015-11-13 10:01:03: startAt:2015-06-04T08:17:36Z;endAt:2015-06-04T11:15:23Z;size:699
2015-11-13 10:01:03: 成功下载：/home/hadoop/Downloads/zcloud/367953136/00_12_4B_00_05_3C_E4_7C_A0/2015-06-04T08-17-36Z
2015-11-13 10:01:03: 00:12:4B:00:05:3C:E4:7C_A0获取历史数据结束！
2015-11-13 10:01:03: startAt:2015-06-03T10:17:05Z;endAt:2015-06-04T11:15:19Z;size:1084
2015-11-13 10:01:03: 成功下载：/home/hadoop/Downloads/zcloud/367953136/00_12_4B_00_05_3C_E2_7B_A1/2015-06-03T10-17-05Z
2015-11-13 10:01:03: 00:12:4B:00:05:3C:E2:7B_A1获取历史数据结束！
2015-11-13 10:01:04: startAt:2015-06-03T10:17:05Z;endAt:2015-06-04T11:15:19Z;size:1084
2015-11-13 10:01:04: 成功下载：/home/hadoop/Downloads/zcloud/367953136/00_12_4B_00_05_3C_E2_7B_A0/2015-06-03T10-17-05Z
2015-11-13 10:01:04: 00:12:4B:00:05:3C:E2:7B_A0获取历史数据结束！
2015-11-13 10:01:04: startAt:2015-11-10T23:35:27Z;endAt:2015-11-11T16:14:04Z;size:2000
2015-11-13 10:01:04: 完整文件已经保存
2015-11-13 10:01:05: startAt:2015-11-11T09:54:38Z;endAt:2015-11-11T15:27:10Z;size:2000
2015-11-13 10:01:05: 完整文件已经保存
2015-11-13 10:01:06: startAt:2015-11-11T09:48:38Z;endAt:2015-11-11T15:21:10Z;size:2000
2015-11-13 10:01:06: 完整文件已经保存
2015-11-13 10:01:06: 00:12:4B:00:02:CB:A9:C7_A0获取历史数据结束！
2015-11-13 10:01:06: 00:12:4B:00:02:CB:A8:52_A0获取历史数据结束！
2015-11-13 10:01:07: startAt:2015-11-11T15:21:10Z;endAt:2015-11-11T20:52:06Z;size:2000
2015-11-13 10:01:07: 完整文件已经保存
2015-11-13 10:01:08: startAt:2015-11-11T15:27:10Z;endAt:2015-11-11T20:57:36Z;size:2000
2015-11-13 10:01:08: 完整文件已经保存
2015-11-13 10:01:08: startAt:2015-11-11T16:14:04Z;endAt:2015-11-12T08:50:41Z;size:2000
2015-11-13 10:01:08: 完整文件已经保存
2015-11-13 10:01:09: startAt:2015-11-12T01:02:10Z;endAt:2015-11-12T17:51:16Z;size:2000
2015-11-13 10:01:09: 完整文件已经保存
2015-11-13 10:01:10: startAt:2015-11-12T02:57:10Z;endAt:2015-11-12T19:40:46Z;size:2000
2015-11-13 10:01:10: 完整文件已经保存
2015-11-13 10:01:11: startAt:2015-11-12T17:51:16Z;endAt:2015-11-13T10:00:21Z;size:1922
2015-11-13 10:01:11: 成功下载：/home/hadoop/Downloads/zcloud/23710173/00_12_4B_00_01_49_2C_42_A0/2015-11-12T17-51-16Z
2015-11-13 10:01:11: 00:12:4B:00:01:49:2C:42_A0获取历史数据结束！
2015-11-13 10:01:12: startAt:2015-11-12T08:50:41Z;endAt:2015-11-13T01:29:18Z;size:2000
2015-11-13 10:01:12: 完整文件已经保存
2015-11-13 10:01:12: startAt:2015-11-13T01:29:18Z;endAt:2015-11-13T10:00:51Z;size:1020
2015-11-13 10:01:12: 成功下载：/home/hadoop/Downloads/zcloud/1674047509/00_12_4B_00_05_52_7C_16_A0/2015-11-13T01-29-18Z
2015-11-13 10:01:12: 00:12:4B:00:05:52:7C:16_A0获取历史数据结束！
2015-11-13 10:01:13: startAt:2015-11-11T20:57:36Z;endAt:2015-11-12T02:30:08Z;size:2000
2015-11-13 10:01:13: 完整文件已经保存
2015-11-13 10:01:14: startAt:2015-11-11T20:52:06Z;endAt:2015-11-12T02:24:08Z;size:2000
2015-11-13 10:01:14: 完整文件已经保存
2015-11-13 10:01:15: startAt:2015-11-12T02:30:08Z;endAt:2015-11-12T08:04:39Z;size:2000
2015-11-13 10:01:15: 完整文件已经保存
2015-11-13 10:01:15: startAt:2015-11-12T19:40:46Z;endAt:2015-11-13T10:00:21Z;size:1708
2015-11-13 10:01:15: 成功下载：/home/hadoop/Downloads/zcloud/23710173/00_12_4B_00_01_49_2C_42_A1/2015-11-12T19-40-46Z
2015-11-13 10:01:15: 00:12:4B:00:01:49:2C:42_A1获取历史数据结束！
2015-11-13 10:01:16: startAt:2015-11-12T08:04:39Z;endAt:2015-11-12T13:37:47Z;size:2000
2015-11-13 10:01:16: 完整文件已经保存
2015-11-13 10:01:17: startAt:2015-11-12T02:24:08Z;endAt:2015-11-12T07:58:39Z;size:2000
2015-11-13 10:01:17: 完整文件已经保存
2015-11-13 10:01:18: startAt:2015-11-12T07:58:39Z;endAt:2015-11-12T13:31:47Z;size:2000
2015-11-13 10:01:18: 完整文件已经保存
2015-11-13 10:01:18: startAt:2015-11-12T13:31:47Z;endAt:2015-11-12T19:04:55Z;size:2000
2015-11-13 10:01:18: 完整文件已经保存
2015-11-13 10:01:19: startAt:2015-11-12T19:04:55Z;endAt:2015-11-13T00:38:15Z;size:2000
2015-11-13 10:01:19: 完整文件已经保存
2015-11-13 10:01:20: startAt:2015-11-13T00:38:15Z;endAt:2015-11-13T06:11:23Z;size:2000
2015-11-13 10:01:20: 完整文件已经保存
2015-11-13 10:01:20: startAt:2015-11-12T13:37:47Z;endAt:2015-11-12T19:10:55Z;size:2000
2015-11-13 10:01:20: 完整文件已经保存
2015-11-13 10:01:21: startAt:2015-11-13T06:11:23Z;endAt:2015-11-13T10:01:18Z;size:1369
2015-11-13 10:01:21: 成功下载：/home/hadoop/Downloads/zcloud/1674047509/00_12_4B_00_03_D4_41_57_A0/2015-11-13T06-11-23Z
2015-11-13 10:01:21: 00:12:4B:00:03:D4:41:57_A0获取历史数据结束！
2015-11-13 10:01:22: startAt:2015-11-12T19:10:55Z;endAt:2015-11-13T00:44:15Z;size:2000
2015-11-13 10:01:22: 完整文件已经保存
2015-11-13 10:01:22: startAt:2015-11-13T00:44:15Z;endAt:2015-11-13T06:17:23Z;size:2000
2015-11-13 10:01:22: 完整文件已经保存
2015-11-13 10:01:23: startAt:2015-11-13T06:17:23Z;endAt:2015-11-13T10:01:18Z;size:1333
2015-11-13 10:01:23: 成功下载：/home/hadoop/Downloads/zcloud/1674047509/00_12_4B_00_03_D4_41_57_A1/2015-11-13T06-17-23Z
2015-11-13 10:01:23: 00:12:4B:00:03:D4:41:57_A1获取历史数据结束！
2015-11-13 10:01:23: FinnishJobRunable释放连接资源！
2015-11-13 10:03:14: FinnishJobRunable在等待所有的读历史数据线程执行完毕！
2015-11-13 10:03:15: 00:12:4B:00:02:CB:A8:52_A1获取历史数据结束！
2015-11-13 10:03:16: startAt:2015-11-11T10:00:04Z;endAt:2015-11-12T02:57:10Z;size:2000
2015-11-13 10:03:16: 完整文件已经保存
2015-11-13 10:03:16: startAt:2015-11-11T08:06:03Z;endAt:2015-11-12T01:02:10Z;size:2000
2015-11-13 10:03:16: 完整文件已经保存
2015-11-13 10:03:17: startAt:2015-06-04T08:17:36Z;endAt:2015-06-04T11:15:23Z;size:699
2015-11-13 10:03:17: 成功下载：/home/hadoop/Downloads/zcloud/367953136/00_12_4B_00_05_3C_E4_7C_A0/2015-06-04T08-17-36Z
2015-11-13 10:03:17: 00:12:4B:00:05:3C:E4:7C_A0获取历史数据结束！
2015-11-13 10:03:17: startAt:2015-06-03T10:17:05Z;endAt:2015-06-04T11:15:19Z;size:1084
2015-11-13 10:03:17: 成功下载：/home/hadoop/Downloads/zcloud/367953136/00_12_4B_00_05_3C_E2_7B_A1/2015-06-03T10-17-05Z
2015-11-13 10:03:17: 00:12:4B:00:05:3C:E2:7B_A1获取历史数据结束！
2015-11-13 10:03:17: startAt:2015-06-03T10:17:05Z;endAt:2015-06-04T11:15:19Z;size:1084
2015-11-13 10:03:17: 成功下载：/home/hadoop/Downloads/zcloud/367953136/00_12_4B_00_05_3C_E2_7B_A0/2015-06-03T10-17-05Z
2015-11-13 10:03:17: 00:12:4B:00:05:3C:E2:7B_A0获取历史数据结束！
2015-11-13 10:03:18: startAt:2015-11-10T23:35:27Z;endAt:2015-11-11T16:14:04Z;size:2000
2015-11-13 10:03:18: 完整文件已经保存
2015-11-13 10:03:18: startAt:2015-11-11T16:14:04Z;endAt:2015-11-12T08:50:41Z;size:2000
2015-11-13 10:03:18: 完整文件已经保存
2015-11-13 10:03:19: startAt:2015-11-11T09:54:38Z;endAt:2015-11-11T15:27:10Z;size:2000
2015-11-13 10:03:19: 完整文件已经保存
2015-11-13 10:03:20: startAt:2015-11-11T15:27:10Z;endAt:2015-11-11T20:57:36Z;size:2000
2015-11-13 10:03:20: 完整文件已经保存
2015-11-13 10:03:20: startAt:2015-11-11T20:57:36Z;endAt:2015-11-12T02:30:08Z;size:2000
2015-11-13 10:03:20: 完整文件已经保存
2015-11-13 10:03:21: startAt:2015-11-12T02:30:08Z;endAt:2015-11-12T08:04:39Z;size:2000
2015-11-13 10:03:21: 完整文件已经保存
2015-11-13 10:03:22: startAt:2015-11-11T09:48:38Z;endAt:2015-11-11T15:21:10Z;size:2000
2015-11-13 10:03:22: 完整文件已经保存
2015-11-13 10:03:22: startAt:2015-11-11T15:21:10Z;endAt:2015-11-11T20:52:06Z;size:2000
2015-11-13 10:03:22: 完整文件已经保存
2015-11-13 10:03:23: 00:12:4B:00:02:CB:A9:C7_A0获取历史数据结束！
2015-11-13 10:03:23: 00:12:4B:00:02:CB:A8:52_A0获取历史数据结束！
2015-11-13 10:03:23: startAt:2015-11-11T20:52:06Z;endAt:2015-11-12T02:24:08Z;size:2000
2015-11-13 10:03:23: 完整文件已经保存
2015-11-13 10:03:24: startAt:2015-11-12T02:24:08Z;endAt:2015-11-12T07:58:39Z;size:2000
2015-11-13 10:03:24: 完整文件已经保存
2015-11-13 10:03:25: startAt:2015-11-12T07:58:39Z;endAt:2015-11-12T13:31:47Z;size:2000
2015-11-13 10:03:25: 完整文件已经保存
2015-11-13 10:03:25: startAt:2015-11-12T13:31:47Z;endAt:2015-11-12T19:04:55Z;size:2000
2015-11-13 10:03:25: 完整文件已经保存
2015-11-13 10:03:26: startAt:2015-11-12T08:04:39Z;endAt:2015-11-12T13:37:47Z;size:2000
2015-11-13 10:03:26: 完整文件已经保存
2015-11-13 10:03:27: startAt:2015-11-12T13:37:47Z;endAt:2015-11-12T19:10:55Z;size:2000
2015-11-13 10:03:27: 完整文件已经保存
2015-11-13 10:03:27: startAt:2015-11-12T19:10:55Z;endAt:2015-11-13T00:44:15Z;size:2000
2015-11-13 10:03:27: 完整文件已经保存
2015-11-13 10:03:28: startAt:2015-11-13T00:44:15Z;endAt:2015-11-13T06:17:23Z;size:2000
2015-11-13 10:03:28: 完整文件已经保存
2015-11-13 10:03:29: startAt:2015-11-12T08:50:41Z;endAt:2015-11-13T01:29:18Z;size:2000
2015-11-13 10:03:29: 完整文件已经保存
2015-11-13 10:03:29: startAt:2015-11-13T01:29:18Z;endAt:2015-11-13T10:03:21Z;size:1025
2015-11-13 10:03:29: 成功下载：/home/hadoop/Downloads/zcloud/1674047509/00_12_4B_00_05_52_7C_16_A0/2015-11-13T01-29-18Z
2015-11-13 10:03:29: 00:12:4B:00:05:52:7C:16_A0获取历史数据结束！
2015-11-13 10:03:30: startAt:2015-11-12T01:02:10Z;endAt:2015-11-12T17:51:16Z;size:2000
2015-11-13 10:03:30: 完整文件已经保存
2015-11-13 10:03:31: startAt:2015-11-12T17:51:16Z;endAt:2015-11-13T10:03:21Z;size:1927
2015-11-13 10:03:31: 成功下载：/home/hadoop/Downloads/zcloud/23710173/00_12_4B_00_01_49_2C_42_A0/2015-11-12T17-51-16Z
2015-11-13 10:03:31: 00:12:4B:00:01:49:2C:42_A0获取历史数据结束！
2015-11-13 10:03:32: startAt:2015-11-12T02:57:10Z;endAt:2015-11-12T19:40:46Z;size:2000
2015-11-13 10:03:32: 完整文件已经保存
2015-11-13 10:03:33: startAt:2015-11-13T06:17:23Z;endAt:2015-11-13T10:03:30Z;size:1347
2015-11-13 10:03:33: 成功下载：/home/hadoop/Downloads/zcloud/1674047509/00_12_4B_00_03_D4_41_57_A1/2015-11-13T06-17-23Z
2015-11-13 10:03:33: 00:12:4B:00:03:D4:41:57_A1获取历史数据结束！
2015-11-13 10:03:33: startAt:2015-11-12T19:04:55Z;endAt:2015-11-13T00:38:15Z;size:2000
2015-11-13 10:03:33: 完整文件已经保存
2015-11-13 10:03:34: startAt:2015-11-13T00:38:15Z;endAt:2015-11-13T06:11:23Z;size:2000
2015-11-13 10:03:34: 完整文件已经保存
2015-11-13 10:03:35: startAt:2015-11-13T06:11:23Z;endAt:2015-11-13T10:03:30Z;size:1383
2015-11-13 10:03:35: 成功下载：/home/hadoop/Downloads/zcloud/1674047509/00_12_4B_00_03_D4_41_57_A0/2015-11-13T06-11-23Z
2015-11-13 10:03:35: 00:12:4B:00:03:D4:41:57_A0获取历史数据结束！
2015-11-13 10:03:35: startAt:2015-11-12T19:40:46Z;endAt:2015-11-13T10:03:21Z;size:1713
2015-11-13 10:03:35: 成功下载：/home/hadoop/Downloads/zcloud/23710173/00_12_4B_00_01_49_2C_42_A1/2015-11-12T19-40-46Z
2015-11-13 10:03:35: 00:12:4B:00:01:49:2C:42_A1获取历史数据结束！
2015-11-13 10:03:36: FinnishJobRunable释放连接资源！
2015-11-13 10:06:29: FinnishJobRunable在等待所有的读历史数据线程执行完毕！
2015-11-13 10:06:29: 00:12:4B:00:02:CB:A8:52_A1获取历史数据结束！
2015-11-13 10:06:29: 00:12:4B:00:02:CB:A9:C7_A0获取历史数据结束！
2015-11-13 10:06:30: startAt:2015-11-11T10:00:04Z;endAt:2015-11-12T02:57:10Z;size:2000
2015-11-13 10:06:30: 完整文件已经保存
2015-11-13 10:06:31: startAt:2015-11-11T08:06:03Z;endAt:2015-11-12T01:02:10Z;size:2000
2015-11-13 10:06:31: 完整文件已经保存
2015-11-13 10:06:32: startAt:2015-11-12T01:02:10Z;endAt:2015-11-12T17:51:16Z;size:2000
2015-11-13 10:06:32: 完整文件已经保存
2015-11-13 10:06:32: startAt:2015-06-04T08:17:36Z;endAt:2015-06-04T11:15:23Z;size:699
2015-11-13 10:06:32: 成功下载：/home/hadoop/Downloads/zcloud/367953136/00_12_4B_00_05_3C_E4_7C_A0/2015-06-04T08-17-36Z
2015-11-13 10:06:32: 00:12:4B:00:05:3C:E4:7C_A0获取历史数据结束！
2015-11-13 10:06:32: startAt:2015-06-03T10:17:05Z;endAt:2015-06-04T11:15:19Z;size:1084
2015-11-13 10:06:32: 成功下载：/home/hadoop/Downloads/zcloud/367953136/00_12_4B_00_05_3C_E2_7B_A1/2015-06-03T10-17-05Z
2015-11-13 10:06:32: 00:12:4B:00:05:3C:E2:7B_A1获取历史数据结束！
2015-11-13 10:06:32: startAt:2015-06-03T10:17:05Z;endAt:2015-06-04T11:15:19Z;size:1084
2015-11-13 10:06:32: 成功下载：/home/hadoop/Downloads/zcloud/367953136/00_12_4B_00_05_3C_E2_7B_A0/2015-06-03T10-17-05Z
2015-11-13 10:06:32: 00:12:4B:00:05:3C:E2:7B_A0获取历史数据结束！
2015-11-13 10:06:33: startAt:2015-11-10T23:35:27Z;endAt:2015-11-11T16:14:04Z;size:2000
2015-11-13 10:06:33: 完整文件已经保存
2015-11-13 10:06:33: startAt:2015-11-11T09:54:38Z;endAt:2015-11-11T15:27:10Z;size:2000
2015-11-13 10:06:33: 完整文件已经保存
2015-11-13 10:06:34: startAt:2015-11-11T09:48:38Z;endAt:2015-11-11T15:21:10Z;size:2000
2015-11-13 10:06:34: 完整文件已经保存
2015-11-13 10:06:34: 00:12:4B:00:02:CB:A8:52_A0获取历史数据结束！
2015-11-13 10:06:35: startAt:2015-11-11T15:21:10Z;endAt:2015-11-11T20:52:06Z;size:2000
2015-11-13 10:06:35: 完整文件已经保存
2015-11-13 10:06:36: startAt:2015-11-11T20:52:06Z;endAt:2015-11-12T02:24:08Z;size:2000
2015-11-13 10:06:36: 完整文件已经保存
2015-11-13 10:06:36: startAt:2015-11-12T02:24:08Z;endAt:2015-11-12T07:58:39Z;size:2000
2015-11-13 10:06:36: 完整文件已经保存
2015-11-13 10:06:37: startAt:2015-11-12T07:58:39Z;endAt:2015-11-12T13:31:47Z;size:2000
2015-11-13 10:06:37: 完整文件已经保存
2015-11-13 10:06:38: startAt:2015-11-12T13:31:47Z;endAt:2015-11-12T19:04:55Z;size:2000
2015-11-13 10:06:38: 完整文件已经保存
2015-11-13 10:06:38: startAt:2015-11-12T19:04:55Z;endAt:2015-11-13T00:38:15Z;size:2000
2015-11-13 10:06:38: 完整文件已经保存
2015-11-13 10:06:39: startAt:2015-11-13T00:38:15Z;endAt:2015-11-13T06:11:23Z;size:2000
2015-11-13 10:06:39: 完整文件已经保存
2015-11-13 10:06:40: startAt:2015-11-11T15:27:10Z;endAt:2015-11-11T20:57:36Z;size:2000
2015-11-13 10:06:40: 完整文件已经保存
2015-11-13 10:06:40: startAt:2015-11-11T16:14:04Z;endAt:2015-11-12T08:50:41Z;size:2000
2015-11-13 10:06:40: 完整文件已经保存
2015-11-13 10:06:41: startAt:2015-11-12T08:50:41Z;endAt:2015-11-13T01:29:18Z;size:2000
2015-11-13 10:06:41: 完整文件已经保存
2015-11-13 10:06:42: startAt:2015-11-12T17:51:16Z;endAt:2015-11-13T10:06:21Z;size:1934
2015-11-13 10:06:42: 成功下载：/home/hadoop/Downloads/zcloud/23710173/00_12_4B_00_01_49_2C_42_A0/2015-11-12T17-51-16Z
2015-11-13 10:06:42: 00:12:4B:00:01:49:2C:42_A0获取历史数据结束！
2015-11-13 10:06:43: startAt:2015-11-12T02:57:10Z;endAt:2015-11-12T19:40:46Z;size:2000
2015-11-13 10:06:43: 完整文件已经保存
2015-11-13 10:06:43: startAt:2015-11-12T19:40:46Z;endAt:2015-11-13T10:06:21Z;size:1720
2015-11-13 10:06:43: 成功下载：/home/hadoop/Downloads/zcloud/23710173/00_12_4B_00_01_49_2C_42_A1/2015-11-12T19-40-46Z
2015-11-13 10:06:43: 00:12:4B:00:01:49:2C:42_A1获取历史数据结束！
2015-11-13 10:06:44: startAt:2015-11-13T01:29:18Z;endAt:2015-11-13T10:06:21Z;size:1031
2015-11-13 10:06:44: 成功下载：/home/hadoop/Downloads/zcloud/1674047509/00_12_4B_00_05_52_7C_16_A0/2015-11-13T01-29-18Z
2015-11-13 10:06:44: 00:12:4B:00:05:52:7C:16_A0获取历史数据结束！
2015-11-13 10:06:45: startAt:2015-11-11T20:57:36Z;endAt:2015-11-12T02:30:08Z;size:2000
2015-11-13 10:06:45: 完整文件已经保存
2015-11-13 10:06:45: startAt:2015-11-12T02:30:08Z;endAt:2015-11-12T08:04:39Z;size:2000
2015-11-13 10:06:45: 完整文件已经保存
2015-11-13 10:06:46: startAt:2015-11-13T06:11:23Z;endAt:2015-11-13T10:06:30Z;size:1401
2015-11-13 10:06:46: 成功下载：/home/hadoop/Downloads/zcloud/1674047509/00_12_4B_00_03_D4_41_57_A0/2015-11-13T06-11-23Z
2015-11-13 10:06:46: 00:12:4B:00:03:D4:41:57_A0获取历史数据结束！
2015-11-13 10:06:47: startAt:2015-11-12T08:04:39Z;endAt:2015-11-12T13:37:47Z;size:2000
2015-11-13 10:06:47: 完整文件已经保存
2015-11-13 10:06:47: startAt:2015-11-12T13:37:47Z;endAt:2015-11-12T19:10:55Z;size:2000
2015-11-13 10:06:47: 完整文件已经保存
2015-11-13 10:06:48: startAt:2015-11-12T19:10:55Z;endAt:2015-11-13T00:44:15Z;size:2000
2015-11-13 10:06:48: 完整文件已经保存
2015-11-13 10:06:48: startAt:2015-11-13T00:44:15Z;endAt:2015-11-13T06:17:23Z;size:2000
2015-11-13 10:06:48: 完整文件已经保存
2015-11-13 10:06:49: startAt:2015-11-13T06:17:23Z;endAt:2015-11-13T10:06:30Z;size:1365
2015-11-13 10:06:49: 成功下载：/home/hadoop/Downloads/zcloud/1674047509/00_12_4B_00_03_D4_41_57_A1/2015-11-13T06-17-23Z
2015-11-13 10:06:49: 00:12:4B:00:03:D4:41:57_A1获取历史数据结束！
2015-11-13 10:06:49: FinnishJobRunable释放连接资源！
